c:\users\luoga\desktop\directx\dxproject\dxproject\debug\vc141.pdb
c:\users\luoga\desktop\directx\dxproject\dxproject\debug\vc141.idb
c:\users\luoga\desktop\directx\dxproject\dxproject\debug\dxsample.obj
c:\users\luoga\desktop\directx\dxproject\dxproject\debug\dxproject.obj
c:\users\luoga\desktop\directx\dxproject\dxproject\debug\campfire.obj
c:\users\luoga\desktop\directx\dxproject\dxproject\debug\dxutil.obj
c:\users\luoga\desktop\directx\dxproject\dxproject\debug\dxproject.pch
c:\users\luoga\desktop\directx\dxproject\dxproject\debug\stdafx.obj
c:\users\luoga\desktop\directx\dxproject\dxproject\debug\gametimer.obj
c:\users\luoga\desktop\directx\dxproject\dxproject\debug\camera.obj
c:\users\luoga\desktop\directx\dxproject\dxproject\debug\fire.obj
c:\users\luoga\desktop\directx\dxproject\debug\dxproject.exe
c:\users\luoga\desktop\directx\dxproject\debug\dxproject.ilk
c:\users\luoga\desktop\directx\dxproject\debug\dxproject.pdb
c:\users\luoga\desktop\directx\dxproject\dxproject\debug\dxproject.res
c:\users\luoga\desktop\directx\dxproject\dxproject\debug\campfire.obj.enc
c:\users\luoga\desktop\directx\dxproject\dxproject\debug\dxproject.tlog\cl.command.1.tlog
c:\users\luoga\desktop\directx\dxproject\dxproject\debug\dxproject.tlog\cl.read.1.tlog
c:\users\luoga\desktop\directx\dxproject\dxproject\debug\dxproject.tlog\cl.write.1.tlog
c:\users\luoga\desktop\directx\dxproject\dxproject\debug\dxproject.tlog\link.command.1.tlog
c:\users\luoga\desktop\directx\dxproject\dxproject\debug\dxproject.tlog\link.read.1.tlog
c:\users\luoga\desktop\directx\dxproject\dxproject\debug\dxproject.tlog\link.write.1.tlog
c:\users\luoga\desktop\directx\dxproject\dxproject\debug\dxproject.tlog\rc.command.1.tlog
c:\users\luoga\desktop\directx\dxproject\dxproject\debug\dxproject.tlog\rc.read.1.tlog
c:\users\luoga\desktop\directx\dxproject\dxproject\debug\dxproject.tlog\rc.write.1.tlog
